# JRE version: Java(TM) SE Runtime Environment (8.0_211-b12) (build 1.8.0_211-b12)
# Java VM: Java HotSpot(TM) 64-Bit Server VM (25.211-b12 mixed mode linux-amd64 compressed oops)
Heap:
 PSYoungGen      total 70656K, used 4001K [0x00000000ebf80000, 0x00000000f0b80000, 0x0000000100000000)
  eden space 63488K, 0% used [0x00000000ebf80000,0x00000000ebf80000,0x00000000efd80000)
  from space 7168K, 55% used [0x00000000efd80000,0x00000000f0168420,0x00000000f0480000)
  to   space 7168K, 0% used [0x00000000f0480000,0x00000000f0480000,0x00000000f0b80000)
 ParOldGen       total 34304K, used 8739K [0x00000000c3e00000, 0x00000000c5f80000, 0x00000000ebf80000)
  object space 34304K, 25% used [0x00000000c3e00000,0x00000000c4688f40,0x00000000c5f80000)
 Metaspace       used 21771K, capacity 22432K, committed 22656K, reserved 1069056K
  class space    used 2896K, capacity 3079K, committed 3200K, reserved 1048576K
GC Heap History (10 events):
Event: 1.307 GC heap after
Heap after GC invocations=3 (full 0):
 PSYoungGen      total 18432K, used 2560K [0x00000000ebf80000, 0x00000000ee380000, 0x0000000100000000)
  eden space 15872K, 0% used [0x00000000ebf80000,0x00000000ebf80000,0x00000000ecf00000)
  from space 2560K, 100% used [0x00000000ecf00000,0x00000000ed180000,0x00000000ed180000)
  to   space 2560K, 0% used [0x00000000ee100000,0x00000000ee100000,0x00000000ee380000)
 ParOldGen       total 42496K, used 4411K [0x00000000c3e00000, 0x00000000c6780000, 0x00000000ebf80000)
  object space 42496K, 10% used [0x00000000c3e00000,0x00000000c424eed0,0x00000000c6780000)
 Metaspace       used 14010K, capacity 14396K, committed 14592K, reserved 1062912K
  class space    used 1856K, capacity 1975K, committed 2048K, reserved 1048576K
}
Event: 1.399 GC heap before
{Heap before GC invocations=4 (full 0):
 PSYoungGen      total 18432K, used 18432K [0x00000000ebf80000, 0x00000000ee380000, 0x0000000100000000)
  eden space 15872K, 100% used [0x00000000ebf80000,0x00000000ecf00000,0x00000000ecf00000)
  from space 2560K, 100% used [0x00000000ecf00000,0x00000000ed180000,0x00000000ed180000)
  to   space 2560K, 0% used [0x00000000ee100000,0x00000000ee100000,0x00000000ee380000)
 ParOldGen       total 42496K, used 4411K [0x00000000c3e00000, 0x00000000c6780000, 0x00000000ebf80000)
  object space 42496K, 10% used [0x00000000c3e00000,0x00000000c424eed0,0x00000000c6780000)
 Metaspace       used 15541K, capacity 15924K, committed 16128K, reserved 1062912K
  class space    used 2094K, capacity 2207K, committed 2304K, reserved 1048576K
Event: 1.416 GC heap after
Heap after GC invocations=4 (full 0):
 PSYoungGen      total 34304K, used 2558K [0x00000000ebf80000, 0x00000000ee380000, 0x0000000100000000)
  eden space 31744K, 0% used [0x00000000ebf80000,0x00000000ebf80000,0x00000000ede80000)
  from space 2560K, 99% used [0x00000000ee100000,0x00000000ee37fbd8,0x00000000ee380000)
  to   space 2560K, 0% used [0x00000000ede80000,0x00000000ede80000,0x00000000ee100000)
 ParOldGen       total 42496K, used 6439K [0x00000000c3e00000, 0x00000000c6780000, 0x00000000ebf80000)
  object space 42496K, 15% used [0x00000000c3e00000,0x00000000c4449cf0,0x00000000c6780000)
 Metaspace       used 15541K, capacity 15924K, committed 16128K, reserved 1062912K
  class space    used 2094K, capacity 2207K, committed 2304K, reserved 1048576K
}
Event: 1.811 GC heap before
{Heap before GC invocations=5 (full 0):
 PSYoungGen      total 34304K, used 34302K [0x00000000ebf80000, 0x00000000ee380000, 0x0000000100000000)
  eden space 31744K, 100% used [0x00000000ebf80000,0x00000000ede80000,0x00000000ede80000)
  from space 2560K, 99% used [0x00000000ee100000,0x00000000ee37fbd8,0x00000000ee380000)
  to   space 2560K, 0% used [0x00000000ede80000,0x00000000ede80000,0x00000000ee100000)
 ParOldGen       total 42496K, used 6439K [0x00000000c3e00000, 0x00000000c6780000, 0x00000000ebf80000)
  object space 42496K, 15% used [0x00000000c3e00000,0x00000000c4449cf0,0x00000000c6780000)
 Metaspace       used 20212K, capacity 20758K, committed 21120K, reserved 1067008K
  class space    used 2682K, capacity 2832K, committed 2944K, reserved 1048576K
Event: 1.830 GC heap after
Heap after GC invocations=5 (full 0):
 PSYoungGen      total 34304K, used 2544K [0x00000000ebf80000, 0x00000000f0b80000, 0x0000000100000000)
  eden space 31744K, 0% used [0x00000000ebf80000,0x00000000ebf80000,0x00000000ede80000)
  from space 2560K, 99% used [0x00000000ede80000,0x00000000ee0fc010,0x00000000ee100000)
  to   space 7168K, 0% used [0x00000000f0480000,0x00000000f0480000,0x00000000f0b80000)
 ParOldGen       total 42496K, used 11182K [0x00000000c3e00000, 0x00000000c6780000, 0x00000000ebf80000)
  object space 42496K, 26% used [0x00000000c3e00000,0x00000000c48eb8f8,0x00000000c6780000)
 Metaspace       used 20212K, capacity 20758K, committed 21120K, reserved 1067008K
  class space    used 2682K, capacity 2832K, committed 2944K, reserved 1048576K
}
Event: 1.861 GC heap before
{Heap before GC invocations=6 (full 0):
 PSYoungGen      total 34304K, used 6396K [0x00000000ebf80000, 0x00000000f0b80000, 0x0000000100000000)
  eden space 31744K, 12% used [0x00000000ebf80000,0x00000000ec343220,0x00000000ede80000)
  from space 2560K, 99% used [0x00000000ede80000,0x00000000ee0fc010,0x00000000ee100000)
  to   space 7168K, 0% used [0x00000000f0480000,0x00000000f0480000,0x00000000f0b80000)
 ParOldGen       total 42496K, used 11182K [0x00000000c3e00000, 0x00000000c6780000, 0x00000000ebf80000)
  object space 42496K, 26% used [0x00000000c3e00000,0x00000000c48eb8f8,0x00000000c6780000)
 Metaspace       used 20695K, capacity 21238K, committed 21296K, reserved 1067008K
  class space    used 2748K, capacity 2928K, committed 2944K, reserved 1048576K
Event: 1.869 GC heap after
Heap after GC invocations=6 (full 0):
 PSYoungGen      total 70656K, used 2817K [0x00000000ebf80000, 0x00000000f0b80000, 0x0000000100000000)
  eden space 63488K, 0% used [0x00000000ebf80000,0x00000000ebf80000,0x00000000efd80000)
  from space 7168K, 39% used [0x00000000f0480000,0x00000000f07404a0,0x00000000f0b80000)
  to   space 7168K, 0% used [0x00000000efd80000,0x00000000efd80000,0x00000000f0480000)
 ParOldGen       total 42496K, used 11190K [0x00000000c3e00000, 0x00000000c6780000, 0x00000000ebf80000)
  object space 42496K, 26% used [0x00000000c3e00000,0x00000000c48ed8f8,0x00000000c6780000)
 Metaspace       used 20695K, capacity 21238K, committed 21296K, reserved 1067008K
  class space    used 2748K, capacity 2928K, committed 2944K, reserved 1048576K
}
Event: 1.869 GC heap before
{Heap before GC invocations=7 (full 1):
 PSYoungGen      total 70656K, used 2817K [0x00000000ebf80000, 0x00000000f0b80000, 0x0000000100000000)
  eden space 63488K, 0% used [0x00000000ebf80000,0x00000000ebf80000,0x00000000efd80000)
  from space 7168K, 39% used [0x00000000f0480000,0x00000000f07404a0,0x00000000f0b80000)
  to   space 7168K, 0% used [0x00000000efd80000,0x00000000efd80000,0x00000000f0480000)
 ParOldGen       total 42496K, used 11190K [0x00000000c3e00000, 0x00000000c6780000, 0x00000000ebf80000)
  object space 42496K, 26% used [0x00000000c3e00000,0x00000000c48ed8f8,0x00000000c6780000)
 Metaspace       used 20695K, capacity 21238K, committed 21296K, reserved 1067008K
  class space    used 2748K, capacity 2928K, committed 2944K, reserved 1048576K
Event: 1.941 GC heap after
Heap after GC invocations=7 (full 1):
 PSYoungGen      total 70656K, used 0K [0x00000000ebf80000, 0x00000000f0b80000, 0x0000000100000000)
  eden space 63488K, 0% used [0x00000000ebf80000,0x00000000ebf80000,0x00000000efd80000)
  from space 7168K, 0% used [0x00000000f0480000,0x00000000f0480000,0x00000000f0b80000)
  to   space 7168K, 0% used [0x00000000efd80000,0x00000000efd80000,0x00000000f0480000)
 ParOldGen       total 34304K, used 8667K [0x00000000c3e00000, 0x00000000c5f80000, 0x00000000ebf80000)
  object space 34304K, 25% used [0x00000000c3e00000,0x00000000c4676f30,0x00000000c5f80000)
 Metaspace       used 20693K, capacity 21232K, committed 21296K, reserved 1067008K
  class space    used 2747K, capacity 2927K, committed 2944K, reserved 1048576K
}
Event: 2.601 GC heap before
{Heap before GC invocations=8 (full 1):
 PSYoungGen      total 70656K, used 63488K [0x00000000ebf80000, 0x00000000f0b80000, 0x0000000100000000)
  eden space 63488K, 100% used [0x00000000ebf80000,0x00000000efd80000,0x00000000efd80000)
  from space 7168K, 0% used [0x00000000f0480000,0x00000000f0480000,0x00000000f0b80000)
  to   space 7168K, 0% used [0x00000000efd80000,0x00000000efd80000,0x00000000f0480000)
 ParOldGen       total 34304K, used 8667K [0x00000000c3e00000, 0x00000000c5f80000, 0x00000000ebf80000)
  object space 34304K, 25% used [0x00000000c3e00000,0x00000000c4676f30,0x00000000c5f80000)
 Metaspace       used 21771K, capacity 22432K, committed 22656K, reserved 1069056K
  class space    used 2896K, capacity 3079K, committed 3200K, reserved 1048576K

